<?xml version="1.0" encoding="UTF-8"?>
<testsuite xmlns:xsi="http://www.w3.org/2001/XMLSchema-instance" xsi:noNamespaceSchemaLocation="https://maven.apache.org/surefire/maven-surefire-plugin/xsd/surefire-test-report.xsd" version="3.0.2" name="com.example.urlshortener.integration.ShortUrlRepositoryIntegrationTest" time="9.638" tests="2" errors="0" skipped="0" failures="0" flakes="0">
  <properties>
[...]
</properties>
  <testcase name="shouldCountActiveAndExpiredUrls" classname="com.example.urlshortener.integration.ShortUrlRepositoryIntegrationTest" time="0.589">
    <system-out><![CDATA[2026-07-30T22:58:51.674+05:30  INFO 8852 --- [url-shortener-service] [           main] t.c.s.AnnotationConfigContextLoaderUtils : Could not detect default configuration classes for test class [com.example.urlshortener.integration.ShortUrlRepositoryIntegrationTest]: ShortUrlRepositoryIntegrationTest does not declare any static, non-private, non-final, nested classes annotated with @Configuration.
2026-07-30T22:58:51.803+05:30  INFO 8852 --- [url-shortener-service] [           main] .b.t.c.SpringBootTestContextBootstrapper : Found @SpringBootConfiguration com.example.urlshortener.UrlShortenerApplication for test class com.example.urlshortener.integration.ShortUrlRepositoryIntegrationTest

  .   ____          _            __ _ _
 /\\ / ___'_ __ _ _(_)_ __  __ _ \ \ \ \
( ( )\___ | '_ | '_| | '_ \/ _` | \ \ \ \
 \\/  ___)| |_)| | | | | || (_| |  ) ) ) )
  '  |____| .__|_| |_|_| |_\__, | / / / /
 =========|_|==============|___/=/_/_/_/

 :: Spring Boot ::               (v3.5.16)

2026-07-30T22:58:52.107+05:30  INFO 8852 --- [url-shortener-service] [           main] .e.u.i.ShortUrlRepositoryIntegrationTest : Starting ShortUrlRepositoryIntegrationTest using Java 17.0.19 with PID 8852 (started by abhis in D:\PST PRoject\Vivek 2\PSTProject2\url-shortener-ai\url-shortener-service)
2026-07-30T22:58:52.109+05:30  INFO 8852 --- [url-shortener-service] [           main] .e.u.i.ShortUrlRepositoryIntegrationTest : The following 1 profile is active: "test"
2026-07-30T22:58:53.184+05:30  INFO 8852 --- [url-shortener-service] [           main] .s.d.r.c.RepositoryConfigurationDelegate : Bootstrapping Spring Data JPA repositories in DEFAULT mode.
2026-07-30T22:58:53.468+05:30  INFO 8852 --- [url-shortener-service] [           main] .s.d.r.c.RepositoryConfigurationDelegate : Finished Spring Data repository scanning in 213 ms. Found 1 JPA repository interface.
2026-07-30T22:58:53.665+05:30  INFO 8852 --- [url-shortener-service] [           main] beddedDataSourceBeanFactoryPostProcessor : Replacing 'dataSource' DataSource bean with embedded version
2026-07-30T22:58:53.975+05:30  INFO 8852 --- [url-shortener-service] [           main] o.s.j.d.e.EmbeddedDatabaseFactory        : Starting embedded database: url='jdbc:h2:mem:6a09ef55-3145-4fd7-b5f4-8f6ae7de0d9c;DB_CLOSE_DELAY=-1;DB_CLOSE_ON_EXIT=false', username='sa'
2026-07-30T22:58:55.078+05:30  INFO 8852 --- [url-shortener-service] [           main] o.hibernate.jpa.internal.util.LogHelper  : HHH000204: Processing PersistenceUnitInfo [name: default]
2026-07-30T22:58:55.403+05:30  INFO 8852 --- [url-shortener-service] [           main] org.hibernate.Version                    : HHH000412: Hibernate ORM core version 6.6.53.Final
2026-07-30T22:58:55.539+05:30  INFO 8852 --- [url-shortener-service] [           main] o.h.c.internal.RegionFactoryInitiator    : HHH000026: Second-level cache disabled
2026-07-30T22:58:55.882+05:30  INFO 8852 --- [url-shortener-service] [           main] o.s.o.j.p.SpringPersistenceUnitInfo      : No LoadTimeWeaver setup: ignoring JPA class transformer
2026-07-30T22:58:56.103+05:30  INFO 8852 --- [url-shortener-service] [           main] org.hibernate.orm.connections.pooling    : HHH10001005: Database info:
	Database JDBC URL [Connecting through datasource 'org.springframework.jdbc.datasource.embedded.EmbeddedDatabaseFactory$EmbeddedDataSourceProxy@1253b822']
	Database driver: undefined/unknown
	Database version: 2.3.232
	Autocommit mode: undefined/unknown
	Isolation level: undefined/unknown
	Minimum pool size: undefined/unknown
	Maximum pool size: undefined/unknown
2026-07-30T22:58:58.138+05:30  INFO 8852 --- [url-shortener-service] [           main] o.h.e.t.j.p.i.JtaPlatformInitiator       : HHH000489: No JTA platform available (set 'hibernate.transaction.jta.platform' to enable JTA platform integration)
Hibernate: 
    drop table if exists short_url cascade 
Hibernate: 
    create table short_url (
        click_count integer not null,
        expires_at timestamp(6),
        id bigint generated by default as identity,
        last_accessed_at timestamp(6),
        original_url varchar(2000) not null,
        short_code varchar(255) not null unique,
        primary key (id)
    )
2026-07-30T22:58:58.240+05:30  INFO 8852 --- [url-shortener-service] [           main] j.LocalContainerEntityManagerFactoryBean : Initialized JPA EntityManagerFactory for persistence unit 'default'
2026-07-30T22:58:59.321+05:30  INFO 8852 --- [url-shortener-service] [           main] o.s.d.j.r.query.QueryEnhancerFactory     : Hibernate is in classpath; If applicable, HQL parser will be used.
2026-07-30T22:59:00.604+05:30  INFO 8852 --- [url-shortener-service] [           main] .e.u.i.ShortUrlRepositoryIntegrationTest : Started ShortUrlRepositoryIntegrationTest in 8.786 seconds (process running for 19.041)
Hibernate: 
    insert 
    into
        short_url
        (click_count, expires_at, last_accessed_at, original_url, short_code, id) 
    values
        (?, ?, ?, ?, ?, default)
Hibernate: 
    insert 
    into
        short_url
        (click_count, expires_at, last_accessed_at, original_url, short_code, id) 
    values
        (?, ?, ?, ?, ?, default)
Hibernate: 
    select
        count(sue1_0.id) 
    from
        short_url sue1_0 
    where
        sue1_0.expires_at is null 
        or sue1_0.expires_at>?
]]></system-out>
  </testcase>
  <testcase name="shouldPersistAndRetrieveShortUrl" classname="com.example.urlshortener.integration.ShortUrlRepositoryIntegrationTest" time="0.059">
    <system-out><![CDATA[Hibernate: 
    insert 
    into
        short_url
        (click_count, expires_at, last_accessed_at, original_url, short_code, id) 
    values
        (?, ?, ?, ?, ?, default)
Hibernate: 
    select
        sue1_0.id,
        sue1_0.click_count,
        sue1_0.expires_at,
        sue1_0.last_accessed_at,
        sue1_0.original_url,
        sue1_0.short_code 
    from
        short_url sue1_0 
    where
        sue1_0.short_code=?
]]></system-out>
  </testcase>
</testsuite>